<?xml version="1.0" encoding="UTF-8"?>
<!-- Generated by org.testng.reporters.JUnitReportReporter -->
<testsuite hostname="DESKTOP-GGE3GBI" failures="0" tests="1" name="proyecto2Logico.TablaHashNGTest" time="0.007" errors="0" timestamp="15 Apr 2021 17:36:47 GMT">
  <testcase classname="proyecto2Logico.TablaHashNGTest" name="testProyecto2" time="0.007"/>
</testsuite> <!-- proyecto2Logico.TablaHashNGTest -->
